<?xml version="1.0" encoding="UTF-8"?>
<testsuite xmlns:xsi="http://www.w3.org/2001/XMLSchema-instance" xsi:noNamespaceSchemaLocation="https://maven.apache.org/surefire/maven-surefire-plugin/xsd/surefire-test-report-3.0.xsd" version="3.0" name="ovh.thecodefather.presentations.presentations.item49_50.TablettePerformanteTest" time="0.014" tests="7" errors="1" skipped="6" failures="0">
  <properties>
    <property name="java.specification.version" value="19"/>
    <property name="sun.cpu.isalist" value="amd64"/>
    <property name="sun.jnu.encoding" value="Cp1252"/>
    <property name="java.class.path" value="D:\Mes documents\dev\Presentations\presentations\target\test-classes;D:\Mes documents\dev\Presentations\presentations\target\classes;C:\Users\Valentin\.m2\repository\com\google\guava\guava\32.1.2-jre\guava-32.1.2-jre.jar;C:\Users\Valentin\.m2\repository\com\google\guava\failureaccess\1.0.1\failureaccess-1.0.1.jar;C:\Users\Valentin\.m2\repository\com\google\guava\listenablefuture\9999.0-empty-to-avoid-conflict-with-guava\listenablefuture-9999.0-empty-to-avoid-conflict-with-guava.jar;C:\Users\Valentin\.m2\repository\com\google\code\findbugs\jsr305\3.0.2\jsr305-3.0.2.jar;C:\Users\Valentin\.m2\repository\org\checkerframework\checker-qual\3.33.0\checker-qual-3.33.0.jar;C:\Users\Valentin\.m2\repository\com\google\errorprone\error_prone_annotations\2.18.0\error_prone_annotations-2.18.0.jar;C:\Users\Valentin\.m2\repository\com\google\j2objc\j2objc-annotations\2.8\j2objc-annotations-2.8.jar;C:\Users\Valentin\.m2\repository\org\junit\jupiter\junit-jupiter-api\5.10.0\junit-jupiter-api-5.10.0.jar;C:\Users\Valentin\.m2\repository\org\opentest4j\opentest4j\1.3.0\opentest4j-1.3.0.jar;C:\Users\Valentin\.m2\repository\org\junit\platform\junit-platform-commons\1.10.0\junit-platform-commons-1.10.0.jar;C:\Users\Valentin\.m2\repository\org\apiguardian\apiguardian-api\1.1.2\apiguardian-api-1.1.2.jar;C:\Users\Valentin\.m2\repository\junit\junit\4.13.2\junit-4.13.2.jar;C:\Users\Valentin\.m2\repository\org\hamcrest\hamcrest-core\1.3\hamcrest-core-1.3.jar;C:\Users\Valentin\.m2\repository\com\google\auto\value\auto-value-annotations\1.10.3\auto-value-annotations-1.10.3.jar;"/>
    <property name="java.vm.vendor" value="Oracle Corporation"/>
    <property name="sun.arch.data.model" value="64"/>
    <property name="user.variant" value=""/>
    <property name="java.vendor.url" value="https://java.oracle.com/"/>
    <property name="user.timezone" value="Europe/Paris"/>
    <property name="os.name" value="Windows 10"/>
    <property name="java.vm.specification.version" value="19"/>
    <property name="sun.java.launcher" value="SUN_STANDARD"/>
    <property name="user.country" value="FR"/>
    <property name="sun.boot.library.path" value="C:\Program Files\Java\jdk-19\bin"/>
    <property name="sun.java.command" value="C:\Users\Valentin\AppData\Local\Temp\surefire8313159122230353249\surefirebooter-20230831202646316_3.jar C:\Users\Valentin\AppData\Local\Temp\surefire8313159122230353249 2023-08-31T20-26-46_193-jvmRun1 surefire-20230831202646316_1tmp surefire_0-20230831202646316_2tmp"/>
    <property name="jdk.debug" value="release"/>
    <property name="surefire.test.class.path" value="D:\Mes documents\dev\Presentations\presentations\target\test-classes;D:\Mes documents\dev\Presentations\presentations\target\classes;C:\Users\Valentin\.m2\repository\com\google\guava\guava\32.1.2-jre\guava-32.1.2-jre.jar;C:\Users\Valentin\.m2\repository\com\google\guava\failureaccess\1.0.1\failureaccess-1.0.1.jar;C:\Users\Valentin\.m2\repository\com\google\guava\listenablefuture\9999.0-empty-to-avoid-conflict-with-guava\listenablefuture-9999.0-empty-to-avoid-conflict-with-guava.jar;C:\Users\Valentin\.m2\repository\com\google\code\findbugs\jsr305\3.0.2\jsr305-3.0.2.jar;C:\Users\Valentin\.m2\repository\org\checkerframework\checker-qual\3.33.0\checker-qual-3.33.0.jar;C:\Users\Valentin\.m2\repository\com\google\errorprone\error_prone_annotations\2.18.0\error_prone_annotations-2.18.0.jar;C:\Users\Valentin\.m2\repository\com\google\j2objc\j2objc-annotations\2.8\j2objc-annotations-2.8.jar;C:\Users\Valentin\.m2\repository\org\junit\jupiter\junit-jupiter-api\5.10.0\junit-jupiter-api-5.10.0.jar;C:\Users\Valentin\.m2\repository\org\opentest4j\opentest4j\1.3.0\opentest4j-1.3.0.jar;C:\Users\Valentin\.m2\repository\org\junit\platform\junit-platform-commons\1.10.0\junit-platform-commons-1.10.0.jar;C:\Users\Valentin\.m2\repository\org\apiguardian\apiguardian-api\1.1.2\apiguardian-api-1.1.2.jar;C:\Users\Valentin\.m2\repository\junit\junit\4.13.2\junit-4.13.2.jar;C:\Users\Valentin\.m2\repository\org\hamcrest\hamcrest-core\1.3\hamcrest-core-1.3.jar;C:\Users\Valentin\.m2\repository\com\google\auto\value\auto-value-annotations\1.10.3\auto-value-annotations-1.10.3.jar;"/>
    <property name="sun.cpu.endian" value="little"/>
    <property name="user.home" value="C:\Users\Valentin"/>
    <property name="user.language" value="fr"/>
    <property name="java.specification.vendor" value="Oracle Corporation"/>
    <property name="java.version.date" value="2022-10-18"/>
    <property name="java.home" value="C:\Program Files\Java\jdk-19"/>
    <property name="file.separator" value="\"/>
    <property name="basedir" value="D:\Mes documents\dev\Presentations\presentations"/>
    <property name="java.vm.compressedOopsMode" value="Zero based"/>
    <property name="line.separator" value="&#10;"/>
    <property name="java.vm.specification.vendor" value="Oracle Corporation"/>
    <property name="java.specification.name" value="Java Platform API Specification"/>
    <property name="surefire.real.class.path" value="C:\Users\Valentin\AppData\Local\Temp\surefire8313159122230353249\surefirebooter-20230831202646316_3.jar"/>
    <property name="user.script" value=""/>
    <property name="sun.management.compiler" value="HotSpot 64-Bit Tiered Compilers"/>
    <property name="java.runtime.version" value="19.0.1+10-21"/>
    <property name="user.name" value="Valentin"/>
    <property name="stdout.encoding" value="Cp1252"/>
    <property name="path.separator" value=";"/>
    <property name="os.version" value="10.0"/>
    <property name="java.runtime.name" value="Java(TM) SE Runtime Environment"/>
    <property name="file.encoding" value="UTF-8"/>
    <property name="java.vm.name" value="Java HotSpot(TM) 64-Bit Server VM"/>
    <property name="localRepository" value="C:\Users\Valentin\.m2\repository"/>
    <property name="java.vendor.url.bug" value="https://bugreport.java.com/bugreport/"/>
    <property name="java.io.tmpdir" value="C:\Users\Valentin\AppData\Local\Temp\"/>
    <property name="java.version" value="19.0.1"/>
    <property name="user.dir" value="D:\Mes documents\dev\Presentations\presentations"/>
    <property name="os.arch" value="amd64"/>
    <property name="java.vm.specification.name" value="Java Virtual Machine Specification"/>
    <property name="sun.os.patch.level" value=""/>
    <property name="native.encoding" value="Cp1252"/>
    <property name="java.library.path" value="C:\Program Files\Java\jdk-19\bin;C:\WINDOWS\Sun\Java\bin;C:\WINDOWS\system32;C:\WINDOWS;C:\Users\Valentin\bin;C:\Program Files\Git\mingw64\bin;C:\Program Files\Git\usr\local\bin;C:\Program Files\Git\usr\bin;C:\Program Files\Git\usr\bin;C:\Program Files\Git\mingw64\bin;C:\Program Files\Git\usr\bin;C:\Users\Valentin\bin;C:\Program Files\Java\jdk-19\bin\server;C:\Program Files\Java\jdk-19\bin;C:\Program Files\Java\jdk-19\bin;D:\Mes documents\dev\apache-maven-3.9.1\bin;C:\Program Files\Common Files\Oracle\Java\javapath;C:\ProgramData\Oracle\Java\javapath;C:\Windows\system32;C:\Windows;C:\Windows\System32\Wbem;C:\Windows\System32\WindowsPowerShell\v1.0;C:\Program Files (x86)\NVIDIA Corporation\PhysX\Common;C:\WINDOWS\system32;C:\WINDOWS;C:\WINDOWS\System32\Wbem;C:\WINDOWS\System32\WindowsPowerShell\v1.0;C:\WINDOWS\System32\OpenSSH;C:\Program Files\NVIDIA Corporation\NVIDIA NvDLISR;C:\WINDOWS\system32;C:\WINDOWS;C:\WINDOWS\System32\Wbem;C:\WINDOWS\System32\WindowsPowerShell\v1.0;C:\WINDOWS\System32\OpenSSH;C:\Program Files\nodejs;C:\ProgramData\chocolatey\bin;C:\Program Files\PuTTY;C:\Program Files\dotnet;C:\Program Files\Git\cmd;C:\Program Files\Java\jdk-19\bin;D:\Mes documents\dev\apache-maven-3.9.1\bin;C:\Python310\Scripts;C:\Python310;C:\Users\Valentin\AppData\Local\Programs\Python\Python37-32\Scripts;C:\Users\Valentin\AppData\Local\Programs\Python\Python37-32;C:\Users\Valentin\AppData\Local\Microsoft\WindowsApps;C:\Program Files\JetBrains\PyCharm Community Edition 2022.1.1\bin;C:\Users\Valentin\AppData\Roaming\npm;C:\Users\Valentin\AppData\Local\Programs\Microsoft VS Code\bin;C:\Users\Valentin\Desktop;C:\Program Files\Git\usr\bin\vendor_perl;C:\Program Files\Git\usr\bin\core_perl;."/>
    <property name="java.vm.info" value="mixed mode, sharing"/>
    <property name="stderr.encoding" value="Cp1252"/>
    <property name="java.vendor" value="Oracle Corporation"/>
    <property name="java.vm.version" value="19.0.1+10-21"/>
    <property name="sun.io.unicode.encoding" value="UnicodeLittle"/>
    <property name="java.class.version" value="63.0"/>
  </properties>
  <testcase name="lowcostOK" classname="ovh.thecodefather.presentations.presentations.item49_50.TablettePerformanteTest" time="0.0">
    <skipped message="void ovh.thecodefather.presentations.presentations.item49_50.TablettePerformanteTest.lowcostOK() is @Disabled"/>
  </testcase>
  <testcase name="nP" classname="ovh.thecodefather.presentations.presentations.item49_50.TablettePerformanteTest" time="0.0">
    <skipped message="void ovh.thecodefather.presentations.presentations.item49_50.TablettePerformanteTest.nP() is @Disabled"/>
  </testcase>
  <testcase name="nPOK" classname="ovh.thecodefather.presentations.presentations.item49_50.TablettePerformanteTest" time="0.0">
    <skipped message="void ovh.thecodefather.presentations.presentations.item49_50.TablettePerformanteTest.nPOK() is @Disabled"/>
  </testcase>
  <testcase name="lowcost" classname="ovh.thecodefather.presentations.presentations.item49_50.TablettePerformanteTest" time="0.0">
    <skipped message="void ovh.thecodefather.presentations.presentations.item49_50.TablettePerformanteTest.lowcost() is @Disabled"/>
  </testcase>
  <testcase name="highEndMuted" classname="ovh.thecodefather.presentations.presentations.item49_50.TablettePerformanteTest" time="0.006">
    <error type="java.lang.NullPointerException"><![CDATA[java.lang.NullPointerException
	at java.base/java.util.Objects.requireNonNull(Objects.java:233)
	at ovh.thecodefather.presentations.presentations.item49_50.TablettePerformante.<init>(TablettePerformante.java:26)
	at ovh.thecodefather.presentations.presentations.item49_50.TablettePerformanteTest.highEndMuted(TablettePerformanteTest.java:64)
	at java.base/java.lang.reflect.Method.invoke(Method.java:578)
	at java.base/java.util.ArrayList.forEach(ArrayList.java:1511)
	at java.base/java.util.ArrayList.forEach(ArrayList.java:1511)
]]></error>
  </testcase>
  <testcase name="highEnd" classname="ovh.thecodefather.presentations.presentations.item49_50.TablettePerformanteTest" time="0.0">
    <skipped message="void ovh.thecodefather.presentations.presentations.item49_50.TablettePerformanteTest.highEnd() is @Disabled"/>
  </testcase>
  <testcase name="assertTest" classname="ovh.thecodefather.presentations.presentations.item49_50.TablettePerformanteTest" time="0.0">
    <skipped message="void ovh.thecodefather.presentations.presentations.item49_50.TablettePerformanteTest.assertTest() is @Disabled"/>
  </testcase>
</testsuite>